<?xml version="1.0" encoding="UTF-8"?>
<testsuite xmlns:xsi="http://www.w3.org/2001/XMLSchema-instance" xsi:noNamespaceSchemaLocation="https://maven.apache.org/surefire/maven-surefire-plugin/xsd/surefire-test-report-3.0.xsd" version="3.0" name="domain.OrderApplicationServiceTest" time="5.715" tests="4" errors="0" skipped="0" failures="0">
  <properties>
[...]
</properties>
  <testcase name="testCreateOrderWithWrongTotalPrice" classname="domain.OrderApplicationServiceTest" time="0.15">
    <system-out><![CDATA[
  .   ____          _            __ _ _
 /\\ / ___'_ __ _ _(_)_ __  __ _ \ \ \ \
( ( )\___ | '_ | '_| | '_ \/ _` | \ \ \ \
 \\/  ___)| |_)| | | | | || (_| |  ) ) ) )
  '  |____| .__|_| |_|_| |_\__, | / / / /
 =========|_|==============|___/=/_/_/_/
 :: Spring Boot ::                (v3.1.5)

2024-02-01T12:16:13.967+01:00  INFO 31824 --- [           main] domain.OrderApplicationServiceTest       : Starting OrderApplicationServiceTest using Java 17.0.9 with PID 31824 (started by SpaceX in C:\Users\SpaceX\Desktop\microservices\food-ordering-system\order-service\order-domain\order-application-service)
2024-02-01T12:16:13.971+01:00  INFO 31824 --- [           main] domain.OrderApplicationServiceTest       : No active profile set, falling back to 1 default profile: "default"
2024-02-01T12:16:17.635+01:00  INFO 31824 --- [           main] domain.OrderApplicationServiceTest       : Started OrderApplicationServiceTest in 4.11 seconds (process running for 5.94)
]]></system-out>
  </testcase>
  <testcase name="testCreateOrder" classname="domain.OrderApplicationServiceTest" time="0.019">
    <system-out><![CDATA[2024-02-01T12:16:18.552+01:00  INFO 31824 --- [           main] c.f.o.s.o.s.d.OrderDomainServiceImpl     : Order with id: d34f3bc4-0d02-434b-b3d5-c39c37c6fda9 is initiated
2024-02-01T12:16:18.554+01:00  INFO 31824 --- [           main] c.f.o.s.o.s.domain.OrderCreateHelper     : Order is saved with id: 15a497c1-0f4b-4eff-b9f4-c402c8c07afb
2024-02-01T12:16:18.554+01:00  INFO 31824 --- [           main] c.f.o.s.o.s.domain.OrderCreateHelper     : order is created with id: com.food.ordering.system.domain.valueObject.OrderId@5a5e46ba
2024-02-01T12:16:18.554+01:00  INFO 31824 --- [           main] c.f.o.s.o.s.d.OrderCreateCommandHandler  : new order is created: com.food.ordering.system.domain.valueObject.OrderId@5a5e46ba
2024-02-01T12:16:18.557+01:00  INFO 31824 --- [           main] c.f.o.s.o.s.d.o.s.p.PaymentOutboxHelper  : OrderPaymentOutboxMessage saved with outbox id: 076d5528-db88-49a2-8a83-3aa9d67a56d6
2024-02-01T12:16:18.557+01:00  INFO 31824 --- [           main] c.f.o.s.o.s.d.OrderCreateCommandHandler  : Returning CreateOrderResponse with order id: com.food.ordering.system.domain.valueObject.OrderId@5a5e46ba
]]></system-out>
  </testcase>
  <testcase name="testCreateOrderWithWrongProductPrice" classname="domain.OrderApplicationServiceTest" time="0.007"/>
  <testcase name="testCreateOrderWithPassiveRestaurant" classname="domain.OrderApplicationServiceTest" time="0.008"/>
</testsuite>